TN:
SF:/Users/janlievens/Code/Github/lysis/src/express.js
FN:5,validate
FN:7,(anonymous_2)
FN:10,(anonymous_3)
FN:13,(anonymous_4)
FN:16,(anonymous_5)
FNF:5
FNH:5
FNDA:10,validate
FNDA:6,(anonymous_2)
FNDA:2,(anonymous_3)
FNDA:2,(anonymous_4)
FNDA:2,(anonymous_5)
DA:3,1
DA:5,1
DA:7,10
DA:8,6
DA:10,10
DA:11,2
DA:13,10
DA:14,2
DA:16,10
DA:17,2
DA:20,10
LF:11
LH:11
BRF:0
BRH:0
end_of_record
TN:
SF:/Users/janlievens/Code/Github/lysis/src/index.js
FN:17,Lysis
FN:38,(anonymous_10)
FN:51,(anonymous_11)
FN:80,(anonymous_12)
FN:100,(anonymous_14)
FN:102,(anonymous_15)
FN:130,(anonymous_16)
FN:141,(anonymous_18)
FN:143,(anonymous_19)
FN:149,(anonymous_20)
FN:162,and
FN:162,(anonymous_23)
FN:162,(anonymous_24)
FN:164,or
FN:164,(anonymous_26)
FN:164,(anonymous_27)
FN:166,not
FN:166,(anonymous_29)
FNF:18
FNH:18
FNDA:40,Lysis
FNDA:23,(anonymous_10)
FNDA:28,(anonymous_11)
FNDA:28,(anonymous_12)
FNDA:2,(anonymous_14)
FNDA:4,(anonymous_15)
FNDA:2,(anonymous_16)
FNDA:16,(anonymous_18)
FNDA:22,(anonymous_19)
FNDA:29,(anonymous_20)
FNDA:9,and
FNDA:11,(anonymous_23)
FNDA:18,(anonymous_24)
FNDA:4,or
FNDA:22,(anonymous_26)
FNDA:34,(anonymous_27)
FNDA:10,not
FNDA:10,(anonymous_29)
DA:3,1
DA:4,1
DA:5,1
DA:6,1
DA:7,1
DA:8,1
DA:9,1
DA:10,1
DA:11,1
DA:13,1
DA:17,40
DA:18,40
DA:19,40
DA:20,40
DA:21,40
DA:22,40
DA:26,1
DA:27,1
DA:31,5
DA:32,5
DA:33,5
DA:36,74
DA:37,37
DA:38,7
DA:39,23
DA:40,23
DA:41,3
DA:42,0
DA:44,3
DA:45,0
DA:46,0
DA:48,3
DA:51,20
DA:52,28
DA:53,28
DA:54,12
DA:55,5
DA:57,12
DA:58,9
DA:59,9
DA:61,3
DA:68,30
DA:69,30
DA:70,2
DA:71,2
DA:73,2
DA:74,1
DA:75,1
DA:77,1
DA:80,28
DA:81,28
DA:82,28
DA:83,15
DA:84,13
DA:86,15
DA:87,2
DA:88,2
DA:90,13
DA:96,37
DA:99,4
DA:100,2
DA:101,2
DA:102,2
DA:103,4
DA:104,4
DA:105,2
DA:106,1
DA:108,2
DA:109,0
DA:110,0
DA:112,2
DA:115,4
DA:116,4
DA:117,4
DA:118,4
DA:119,4
DA:121,2
DA:122,2
DA:123,2
DA:124,1
DA:126,2
DA:127,1
DA:128,1
DA:130,2
DA:134,0
DA:136,2
DA:139,70
DA:140,35
DA:141,4
DA:142,16
DA:143,16
DA:144,22
DA:148,31
DA:149,31
DA:150,29
DA:153,35
DA:157,6
DA:162,22
DA:164,44
DA:166,20
LF:100
LH:94
BRDA:21,0,0,40
BRDA:21,0,1,7
BRDA:37,1,0,7
BRDA:37,1,1,30
BRDA:40,2,0,3
BRDA:40,2,1,20
BRDA:40,3,0,23
BRDA:40,3,1,3
BRDA:41,4,0,0
BRDA:41,4,1,3
BRDA:44,5,0,0
BRDA:44,5,1,3
BRDA:44,6,0,3
BRDA:44,6,1,0
BRDA:53,7,0,12
BRDA:53,7,1,16
BRDA:54,8,0,5
BRDA:54,8,1,7
BRDA:57,9,0,9
BRDA:57,9,1,3
BRDA:57,10,0,12
BRDA:57,10,1,9
BRDA:69,11,0,2
BRDA:69,11,1,28
BRDA:69,12,0,30
BRDA:69,12,1,3
BRDA:70,13,0,2
BRDA:70,13,1,0
BRDA:73,14,0,1
BRDA:73,14,1,1
BRDA:73,15,0,2
BRDA:73,15,1,1
BRDA:82,16,0,15
BRDA:82,16,1,13
BRDA:83,17,0,13
BRDA:83,17,1,2
BRDA:86,18,0,2
BRDA:86,18,1,13
BRDA:86,19,0,15
BRDA:86,19,1,2
BRDA:100,20,0,2
BRDA:100,20,1,0
BRDA:104,21,0,2
BRDA:104,21,1,2
BRDA:104,22,0,4
BRDA:104,22,1,2
BRDA:105,23,0,1
BRDA:105,23,1,1
BRDA:108,24,0,0
BRDA:108,24,1,2
BRDA:108,25,0,2
BRDA:108,25,1,0
BRDA:122,26,0,2
BRDA:122,26,1,0
BRDA:123,27,0,1
BRDA:123,27,1,1
BRDA:126,28,0,1
BRDA:126,28,1,1
BRDA:126,29,0,2
BRDA:126,29,1,1
BRDA:140,30,0,4
BRDA:140,30,1,31
BRF:62
BRH:54
end_of_record
TN:
SF:/Users/janlievens/Code/Github/lysis/src/koa.js
FN:5,validate
FN:7,(anonymous_2)
FN:10,(anonymous_3)
FN:13,(anonymous_4)
FN:16,(anonymous_5)
FNF:5
FNH:5
FNDA:18,validate
FNDA:6,(anonymous_2)
FNDA:2,(anonymous_3)
FNDA:2,(anonymous_4)
FNDA:11,(anonymous_5)
DA:3,1
DA:5,1
DA:7,18
DA:8,6
DA:10,18
DA:11,2
DA:13,18
DA:14,2
DA:16,18
DA:17,11
LF:10
LH:10
BRF:0
BRH:0
end_of_record
TN:
SF:/Users/janlievens/Code/Github/lysis/src/util.js
FN:6,exactMatch
FN:6,(anonymous_2)
FN:7,(anonymous_3)
FN:11,partialMatch
FN:13,(anonymous_5)
FN:16,findMatches
FN:27,(anonymous_7)
FN:32,matcher
FN:33,(anonymous_9)
FN:34,(anonymous_10)
FNF:10
FNH:10
FNDA:482,exactMatch
FNDA:482,(anonymous_2)
FNDA:398,(anonymous_3)
FNDA:245,partialMatch
FNDA:245,(anonymous_5)
FNDA:482,findMatches
FNDA:372,(anonymous_7)
FNDA:111,matcher
FNDA:111,(anonymous_9)
FNDA:5,(anonymous_10)
DA:3,1
DA:4,1
DA:6,482
DA:7,398
DA:11,1
DA:12,245
DA:13,245
DA:16,1
DA:17,482
DA:18,482
DA:19,127
DA:26,355
DA:27,372
DA:29,156
DA:32,1
DA:33,111
DA:34,111
LF:17
LH:17
BRDA:7,0,0,482
BRDA:7,0,1,258
BRDA:8,1,0,398
BRDA:8,1,1,322
BRDA:13,2,0,245
BRDA:13,2,1,205
BRDA:17,3,0,482
BRDA:17,3,1,110
BRDA:18,4,0,127
BRDA:18,4,1,355
BRDA:26,5,0,199
BRDA:26,5,1,156
BRDA:26,6,0,355
BRDA:26,6,1,245
BRDA:34,7,0,105
BRDA:34,7,1,6
BRF:16
BRH:16
end_of_record
